2024-12-20 12:01:47,468 ECU's name: Victim's TEC value: 0 Passive error state: False Bus-off state: False
2024-12-20 12:01:47,468 ECU's name: Attacker's TEC value: 0 Passive error state: False Bus-off state: False
2024-12-20 12:01:47,468 ECU's name: Victim's TEC value: 0 Passive error state: False Bus-off state: False
2024-12-20 12:01:47,468 ECU's name: Victim's TEC value: 0 Passive error state: False Bus-off state: False
2024-12-20 12:01:47,469 ECU's name: Victim's TEC value: 0 Passive error state: False Bus-off state: False
2024-12-20 12:01:47,470 ECU's name: Victim's TEC value: 0 Passive error state: False Bus-off state: False
2024-12-20 12:01:47,471 ECU's name: Victim's TEC value: 0 Passive error state: False Bus-off state: False
2024-12-20 12:01:47,471 ECU's name: Victim's TEC value: 0 Passive error state: False Bus-off state: False
2024-12-20 12:01:47,472 ECU's name: Victim's TEC value: 0 Passive error state: False Bus-off state: False
2024-12-20 12:01:47,473 ECU's name: Victim's TEC value: 0 Passive error state: False Bus-off state: False
2024-12-20 12:01:47,473 ECU's name: Victim's TEC value: 0 Passive error state: False Bus-off state: False
2024-12-20 12:01:47,474 ECU's name: Victim's TEC value: 0 Passive error state: False Bus-off state: False
2024-12-20 12:01:47,474 ECU's name: Victim's TEC value: 0 Passive error state: False Bus-off state: False
2024-12-20 12:01:47,475 ECU's name: Victim's TEC value: 0 Passive error state: False Bus-off state: False
2024-12-20 12:01:47,475 ECU's name: Victim's TEC value: 0 Passive error state: False Bus-off state: False
2024-12-20 12:01:47,476 ECU's name: Victim's TEC value: 0 Passive error state: False Bus-off state: False
2024-12-20 12:01:47,476 ECU's name: Victim's TEC value: 0 Passive error state: False Bus-off state: False
2024-12-20 12:01:47,478 ECU's name: Victim's TEC value: 0 Passive error state: False Bus-off state: False
2024-12-20 12:01:47,479 ECU's name: Victim's TEC value: 0 Passive error state: False Bus-off state: False
2024-12-20 12:01:47,479 ECU's name: Victim's TEC value: 0 Passive error state: False Bus-off state: False
2024-12-20 12:01:47,480 ECU's name: Victim's TEC value: 0 Passive error state: False Bus-off state: False
2024-12-20 12:01:47,481 ECU's name: Victim's TEC value: 0 Passive error state: False Bus-off state: False
2024-12-20 12:01:47,482 ECU's name: Victim's TEC value: 0 Passive error state: False Bus-off state: False
2024-12-20 12:01:47,482 ECU's name: Victim's TEC value: 0 Passive error state: False Bus-off state: False
2024-12-20 12:01:47,483 ECU's name: Victim's TEC value: 0 Passive error state: False Bus-off state: False
2024-12-20 12:01:47,483 ECU's name: Victim's TEC value: 0 Passive error state: False Bus-off state: False
2024-12-20 12:01:47,484 ECU's name: Victim's TEC value: 0 Passive error state: False Bus-off state: False
2024-12-20 12:01:47,485 ECU's name: Victim's TEC value: 0 Passive error state: False Bus-off state: False
2024-12-20 12:01:47,485 ECU's name: Victim's TEC value: 0 Passive error state: False Bus-off state: False
2024-12-20 12:01:47,486 ECU's name: Victim's TEC value: 0 Passive error state: False Bus-off state: False
2024-12-20 12:01:47,486 ECU's name: Victim's TEC value: 0 Passive error state: False Bus-off state: False
2024-12-20 12:01:47,486 ECU's name: Victim's TEC value: 0 Passive error state: False Bus-off state: False
2024-12-20 12:01:47,487 ECU's name: Victim's TEC value: 0 Passive error state: False Bus-off state: False
2024-12-20 12:01:47,488 ECU's name: Victim's TEC value: 0 Passive error state: False Bus-off state: False
2024-12-20 12:01:47,488 ECU's name: Victim's TEC value: 0 Passive error state: False Bus-off state: False
2024-12-20 12:01:47,488 ECU's name: Victim's TEC value: 0 Passive error state: False Bus-off state: False
2024-12-20 12:01:47,489 ECU's name: Victim's TEC value: 0 Passive error state: False Bus-off state: False
2024-12-20 12:01:47,489 ECU's name: Victim's TEC value: 0 Passive error state: False Bus-off state: False
2024-12-20 12:01:47,490 ECU's name: Victim's TEC value: 0 Passive error state: False Bus-off state: False
2024-12-20 12:01:47,490 ECU's name: Victim's TEC value: 0 Passive error state: False Bus-off state: False
2024-12-20 12:01:47,490 ECU's name: Victim's TEC value: 0 Passive error state: False Bus-off state: False
2024-12-20 12:01:47,491 ECU's name: Victim's TEC value: 0 Passive error state: False Bus-off state: False
2024-12-20 12:01:47,491 ECU's name: Victim's TEC value: 0 Passive error state: False Bus-off state: False
2024-12-20 12:01:47,491 ECU's name: Victim's TEC value: 0 Passive error state: False Bus-off state: False
2024-12-20 12:01:47,492 ECU's name: Victim's TEC value: 0 Passive error state: False Bus-off state: False
2024-12-20 12:01:47,492 ECU's name: Victim's TEC value: 0 Passive error state: False Bus-off state: False
2024-12-20 12:01:47,493 ECU's name: Victim's TEC value: 0 Passive error state: False Bus-off state: False
2024-12-20 12:01:47,493 ECU's name: Victim's TEC value: 0 Passive error state: False Bus-off state: False
2024-12-20 12:01:47,494 ECU's name: Victim's TEC value: 0 Passive error state: False Bus-off state: False
2024-12-20 12:01:47,494 ECU's name: Victim's TEC value: 0 Passive error state: False Bus-off state: False
2024-12-20 12:01:47,494 ECU's name: Victim's TEC value: 0 Passive error state: False Bus-off state: False
2024-12-20 12:01:47,495 ECU's name: Victim's TEC value: 0 Passive error state: False Bus-off state: False
2024-12-20 12:01:47,495 ECU's name: Victim's TEC value: 0 Passive error state: False Bus-off state: False
2024-12-20 12:01:47,496 ECU's name: Victim's TEC value: 0 Passive error state: False Bus-off state: False
2024-12-20 12:01:47,496 ECU's name: Victim's TEC value: 0 Passive error state: False Bus-off state: False
2024-12-20 12:01:47,497 ECU's name: Victim's TEC value: 0 Passive error state: False Bus-off state: False
2024-12-20 12:01:47,497 ECU's name: Victim's TEC value: 0 Passive error state: False Bus-off state: False
2024-12-20 12:01:47,498 ECU's name: Victim's TEC value: 0 Passive error state: False Bus-off state: False
2024-12-20 12:01:47,498 ECU's name: Victim's TEC value: 0 Passive error state: False Bus-off state: False
2024-12-20 12:01:47,499 ECU's name: Victim's TEC value: 0 Passive error state: False Bus-off state: False
2024-12-20 12:01:47,499 ECU's name: Victim's TEC value: 0 Passive error state: False Bus-off state: False
2024-12-20 12:01:47,500 ECU's name: Victim's TEC value: 0 Passive error state: False Bus-off state: False
2024-12-20 12:01:47,500 ECU's name: Victim's TEC value: 0 Passive error state: False Bus-off state: False
2024-12-20 12:01:47,500 ECU's name: Victim's TEC value: 0 Passive error state: False Bus-off state: False
2024-12-20 12:01:47,501 ECU's name: Victim's TEC value: 0 Passive error state: False Bus-off state: False
2024-12-20 12:01:47,502 ECU's name: Victim's TEC value: 0 Passive error state: False Bus-off state: False
2024-12-20 12:01:47,502 ECU's name: Victim's TEC value: 0 Passive error state: False Bus-off state: False
2024-12-20 12:01:47,502 ECU's name: Victim's TEC value: 0 Passive error state: False Bus-off state: False
2024-12-20 12:01:47,502 ECU's name: Victim's TEC value: 0 Passive error state: False Bus-off state: False
2024-12-20 12:01:47,503 ECU's name: Victim's TEC value: 0 Passive error state: False Bus-off state: False
2024-12-20 12:01:47,503 ECU's name: Victim's TEC value: 0 Passive error state: False Bus-off state: False
2024-12-20 12:01:47,503 ECU's name: Victim's TEC value: 0 Passive error state: False Bus-off state: False
2024-12-20 12:01:47,504 ECU's name: Victim's TEC value: 0 Passive error state: False Bus-off state: False
2024-12-20 12:01:47,504 ECU's name: Victim's TEC value: 0 Passive error state: False Bus-off state: False
2024-12-20 12:01:47,505 ECU's name: Victim's TEC value: 0 Passive error state: False Bus-off state: False
2024-12-20 12:01:47,505 ECU's name: Victim's TEC value: 0 Passive error state: False Bus-off state: False
2024-12-20 12:01:47,506 ECU's name: Victim's TEC value: 0 Passive error state: False Bus-off state: False
2024-12-20 12:01:47,506 ECU's name: Victim's TEC value: 0 Passive error state: False Bus-off state: False
2024-12-20 12:01:47,507 ECU's name: Victim's TEC value: 0 Passive error state: False Bus-off state: False
2024-12-20 12:01:47,507 ECU's name: Victim's TEC value: 0 Passive error state: False Bus-off state: False
2024-12-20 12:01:47,508 ECU's name: Victim's TEC value: 0 Passive error state: False Bus-off state: False
2024-12-20 12:01:47,508 ECU's name: Victim's TEC value: 0 Passive error state: False Bus-off state: False
2024-12-20 12:01:47,509 ECU's name: Victim's TEC value: 0 Passive error state: False Bus-off state: False
2024-12-20 12:01:47,509 ECU's name: Victim's TEC value: 0 Passive error state: False Bus-off state: False
2024-12-20 12:01:47,510 ECU's name: Victim's TEC value: 0 Passive error state: False Bus-off state: False
2024-12-20 12:01:47,510 ECU's name: Victim's TEC value: 0 Passive error state: False Bus-off state: False
2024-12-20 12:01:47,511 ECU's name: Victim's TEC value: 0 Passive error state: False Bus-off state: False
2024-12-20 12:01:47,511 ECU's name: Victim's TEC value: 0 Passive error state: False Bus-off state: False
2024-12-20 12:01:47,512 ECU's name: Victim's TEC value: 0 Passive error state: False Bus-off state: False
2024-12-20 12:01:47,513 ECU's name: Victim's TEC value: 0 Passive error state: False Bus-off state: False
2024-12-20 12:01:47,513 ECU's name: Victim's TEC value: 0 Passive error state: False Bus-off state: False
2024-12-20 12:01:47,513 ECU's name: Victim's TEC value: 0 Passive error state: False Bus-off state: False
2024-12-20 12:01:47,514 ECU's name: Victim's TEC value: 0 Passive error state: False Bus-off state: False
2024-12-20 12:01:47,514 ECU's name: Victim's TEC value: 0 Passive error state: False Bus-off state: False
2024-12-20 12:01:47,515 ECU's name: Victim's TEC value: 0 Passive error state: False Bus-off state: False
2024-12-20 12:01:47,515 ECU's name: Victim's TEC value: 0 Passive error state: False Bus-off state: False
2024-12-20 12:01:47,515 ECU's name: Victim's TEC value: 0 Passive error state: False Bus-off state: False
2024-12-20 12:01:47,516 ECU's name: Victim's TEC value: 0 Passive error state: False Bus-off state: False
2024-12-20 12:01:47,516 ECU's name: Victim's TEC value: 0 Passive error state: False Bus-off state: False
2024-12-20 12:01:47,516 ECU's name: Victim's TEC value: 0 Passive error state: False Bus-off state: False
2024-12-20 12:01:47,517 ECU's name: Victim's TEC value: 0 Passive error state: False Bus-off state: False
2024-12-20 12:01:47,517 ECU's name: Victim's TEC value: 0 Passive error state: False Bus-off state: False
2024-12-20 12:01:47,518 ECU's name: Victim's TEC value: 0 Passive error state: False Bus-off state: False
2024-12-20 12:01:47,518 ECU's name: Victim's TEC value: 0 Passive error state: False Bus-off state: False
2024-12-20 12:01:47,519 ECU's name: Victim's TEC value: 0 Passive error state: False Bus-off state: False
2024-12-20 12:01:47,519 ECU's name: Victim's TEC value: 0 Passive error state: False Bus-off state: False
2024-12-20 12:01:47,520 ECU's name: Victim's TEC value: 0 Passive error state: False Bus-off state: False
2024-12-20 12:01:47,520 ECU's name: Victim's TEC value: 8 Passive error state: False Bus-off state: False
2024-12-20 12:01:47,521 ECU's name: Attacker's TEC value: 8 Passive error state: False Bus-off state: False
2024-12-20 12:01:47,521 ECU's name: Victim's TEC value: 16 Passive error state: False Bus-off state: False
2024-12-20 12:01:47,521 ECU's name: Attacker's TEC value: 16 Passive error state: False Bus-off state: False
2024-12-20 12:01:47,521 ECU's name: Victim's TEC value: 24 Passive error state: False Bus-off state: False
2024-12-20 12:01:47,521 ECU's name: Attacker's TEC value: 24 Passive error state: False Bus-off state: False
2024-12-20 12:01:47,522 ECU's name: Victim's TEC value: 32 Passive error state: False Bus-off state: False
2024-12-20 12:01:47,522 ECU's name: Attacker's TEC value: 32 Passive error state: False Bus-off state: False
2024-12-20 12:01:47,522 ECU's name: Victim's TEC value: 40 Passive error state: False Bus-off state: False
2024-12-20 12:01:47,522 ECU's name: Attacker's TEC value: 40 Passive error state: False Bus-off state: False
2024-12-20 12:01:47,522 ECU's name: Victim's TEC value: 48 Passive error state: False Bus-off state: False
2024-12-20 12:01:47,523 ECU's name: Attacker's TEC value: 48 Passive error state: False Bus-off state: False
2024-12-20 12:01:47,523 ECU's name: Victim's TEC value: 56 Passive error state: False Bus-off state: False
2024-12-20 12:01:47,523 ECU's name: Attacker's TEC value: 56 Passive error state: False Bus-off state: False
2024-12-20 12:01:47,523 ECU's name: Victim's TEC value: 64 Passive error state: False Bus-off state: False
2024-12-20 12:01:47,524 ECU's name: Attacker's TEC value: 64 Passive error state: False Bus-off state: False
2024-12-20 12:01:47,524 ECU's name: Victim's TEC value: 72 Passive error state: False Bus-off state: False
2024-12-20 12:01:47,524 ECU's name: Attacker's TEC value: 72 Passive error state: False Bus-off state: False
2024-12-20 12:01:47,524 ECU's name: Victim's TEC value: 80 Passive error state: False Bus-off state: False
2024-12-20 12:01:47,525 ECU's name: Attacker's TEC value: 80 Passive error state: False Bus-off state: False
2024-12-20 12:01:47,525 ECU's name: Victim's TEC value: 88 Passive error state: False Bus-off state: False
2024-12-20 12:01:47,525 ECU's name: Attacker's TEC value: 88 Passive error state: False Bus-off state: False
2024-12-20 12:01:47,526 ECU's name: Victim's TEC value: 96 Passive error state: False Bus-off state: False
2024-12-20 12:01:47,526 ECU's name: Attacker's TEC value: 96 Passive error state: False Bus-off state: False
2024-12-20 12:01:47,526 ECU's name: Victim's TEC value: 104 Passive error state: False Bus-off state: False
2024-12-20 12:01:47,526 ECU's name: Attacker's TEC value: 104 Passive error state: False Bus-off state: False
2024-12-20 12:01:47,526 ECU's name: Victim's TEC value: 112 Passive error state: False Bus-off state: False
2024-12-20 12:01:47,527 ECU's name: Attacker's TEC value: 112 Passive error state: False Bus-off state: False
2024-12-20 12:01:47,527 ECU's name: Victim's TEC value: 120 Passive error state: False Bus-off state: False
2024-12-20 12:01:47,527 ECU's name: Attacker's TEC value: 120 Passive error state: False Bus-off state: False
2024-12-20 12:01:47,527 ECU's name: Victim's TEC value: 128 Passive error state: False Bus-off state: False
2024-12-20 12:01:47,527 ECU's name: Attacker's TEC value: 128 Passive error state: False Bus-off state: False
2024-12-20 12:01:47,529 ECU's name: Victim's TEC value: 136 Passive error state: True Bus-off state: False
2024-12-20 12:01:47,529 ECU's name: Attacker's TEC value: 127 Passive error state: True Bus-off state: False
2024-12-20 12:01:47,529 ECU's name: Victim's TEC value: 135 Passive error state: True Bus-off state: False
2024-12-20 12:01:47,530 ECU's name: Victim's TEC value: 134 Passive error state: True Bus-off state: False
2024-12-20 12:01:47,530 ECU's name: Victim's TEC value: 133 Passive error state: True Bus-off state: False
2024-12-20 12:01:47,530 ECU's name: Victim's TEC value: 132 Passive error state: True Bus-off state: False
2024-12-20 12:01:47,531 ECU's name: Victim's TEC value: 131 Passive error state: True Bus-off state: False
2024-12-20 12:01:47,531 ECU's name: Victim's TEC value: 139 Passive error state: True Bus-off state: False
2024-12-20 12:01:47,532 ECU's name: Attacker's TEC value: 126 Passive error state: False Bus-off state: False
2024-12-20 12:01:47,532 ECU's name: Victim's TEC value: 138 Passive error state: True Bus-off state: False
2024-12-20 12:01:47,532 ECU's name: Victim's TEC value: 137 Passive error state: True Bus-off state: False
2024-12-20 12:01:47,532 ECU's name: Victim's TEC value: 136 Passive error state: True Bus-off state: False
2024-12-20 12:01:47,533 ECU's name: Victim's TEC value: 135 Passive error state: True Bus-off state: False
2024-12-20 12:01:47,534 ECU's name: Victim's TEC value: 134 Passive error state: True Bus-off state: False
2024-12-20 12:01:47,535 ECU's name: Victim's TEC value: 142 Passive error state: True Bus-off state: False
2024-12-20 12:01:47,536 ECU's name: Attacker's TEC value: 125 Passive error state: False Bus-off state: False
2024-12-20 12:01:47,536 ECU's name: Victim's TEC value: 141 Passive error state: True Bus-off state: False
2024-12-20 12:01:47,536 ECU's name: Victim's TEC value: 140 Passive error state: True Bus-off state: False
2024-12-20 12:01:47,537 ECU's name: Victim's TEC value: 139 Passive error state: True Bus-off state: False
2024-12-20 12:01:47,537 ECU's name: Victim's TEC value: 138 Passive error state: True Bus-off state: False
2024-12-20 12:01:47,538 ECU's name: Victim's TEC value: 137 Passive error state: True Bus-off state: False
2024-12-20 12:01:47,539 ECU's name: Victim's TEC value: 145 Passive error state: True Bus-off state: False
2024-12-20 12:01:47,539 ECU's name: Attacker's TEC value: 124 Passive error state: False Bus-off state: False
2024-12-20 12:01:47,540 ECU's name: Victim's TEC value: 144 Passive error state: True Bus-off state: False
2024-12-20 12:01:47,540 ECU's name: Victim's TEC value: 143 Passive error state: True Bus-off state: False
2024-12-20 12:01:47,540 ECU's name: Victim's TEC value: 142 Passive error state: True Bus-off state: False
2024-12-20 12:01:47,541 ECU's name: Victim's TEC value: 141 Passive error state: True Bus-off state: False
2024-12-20 12:01:47,541 ECU's name: Victim's TEC value: 140 Passive error state: True Bus-off state: False
2024-12-20 12:01:47,542 ECU's name: Victim's TEC value: 148 Passive error state: True Bus-off state: False
2024-12-20 12:01:47,542 ECU's name: Attacker's TEC value: 123 Passive error state: False Bus-off state: False
2024-12-20 12:01:47,542 ECU's name: Victim's TEC value: 147 Passive error state: True Bus-off state: False
2024-12-20 12:01:47,542 ECU's name: Victim's TEC value: 146 Passive error state: True Bus-off state: False
2024-12-20 12:01:47,543 ECU's name: Victim's TEC value: 145 Passive error state: True Bus-off state: False
2024-12-20 12:01:47,543 ECU's name: Victim's TEC value: 144 Passive error state: True Bus-off state: False
2024-12-20 12:01:47,543 ECU's name: Victim's TEC value: 143 Passive error state: True Bus-off state: False
2024-12-20 12:01:47,544 ECU's name: Victim's TEC value: 151 Passive error state: True Bus-off state: False
2024-12-20 12:01:47,545 ECU's name: Attacker's TEC value: 122 Passive error state: False Bus-off state: False
2024-12-20 12:01:47,545 ECU's name: Victim's TEC value: 150 Passive error state: True Bus-off state: False
2024-12-20 12:01:47,545 ECU's name: Victim's TEC value: 149 Passive error state: True Bus-off state: False
2024-12-20 12:01:47,546 ECU's name: Victim's TEC value: 148 Passive error state: True Bus-off state: False
2024-12-20 12:01:47,546 ECU's name: Victim's TEC value: 147 Passive error state: True Bus-off state: False
2024-12-20 12:01:47,546 ECU's name: Victim's TEC value: 146 Passive error state: True Bus-off state: False
2024-12-20 12:01:47,547 ECU's name: Victim's TEC value: 154 Passive error state: True Bus-off state: False
2024-12-20 12:01:47,547 ECU's name: Attacker's TEC value: 121 Passive error state: False Bus-off state: False
2024-12-20 12:01:47,547 ECU's name: Victim's TEC value: 153 Passive error state: True Bus-off state: False
2024-12-20 12:01:47,548 ECU's name: Victim's TEC value: 152 Passive error state: True Bus-off state: False
2024-12-20 12:01:47,548 ECU's name: Victim's TEC value: 151 Passive error state: True Bus-off state: False
2024-12-20 12:01:47,548 ECU's name: Victim's TEC value: 150 Passive error state: True Bus-off state: False
2024-12-20 12:01:47,548 ECU's name: Victim's TEC value: 149 Passive error state: True Bus-off state: False
2024-12-20 12:01:47,550 ECU's name: Victim's TEC value: 157 Passive error state: True Bus-off state: False
2024-12-20 12:01:47,550 ECU's name: Attacker's TEC value: 120 Passive error state: False Bus-off state: False
2024-12-20 12:01:47,550 ECU's name: Victim's TEC value: 156 Passive error state: True Bus-off state: False
2024-12-20 12:01:47,550 ECU's name: Victim's TEC value: 155 Passive error state: True Bus-off state: False
2024-12-20 12:01:47,551 ECU's name: Victim's TEC value: 154 Passive error state: True Bus-off state: False
2024-12-20 12:01:47,551 ECU's name: Victim's TEC value: 153 Passive error state: True Bus-off state: False
2024-12-20 12:01:47,551 ECU's name: Victim's TEC value: 152 Passive error state: True Bus-off state: False
2024-12-20 12:01:47,552 ECU's name: Victim's TEC value: 160 Passive error state: True Bus-off state: False
2024-12-20 12:01:47,552 ECU's name: Attacker's TEC value: 119 Passive error state: False Bus-off state: False
2024-12-20 12:01:47,552 ECU's name: Victim's TEC value: 159 Passive error state: True Bus-off state: False
2024-12-20 12:01:47,552 ECU's name: Victim's TEC value: 158 Passive error state: True Bus-off state: False
2024-12-20 12:01:47,552 ECU's name: Victim's TEC value: 157 Passive error state: True Bus-off state: False
2024-12-20 12:01:47,553 ECU's name: Victim's TEC value: 156 Passive error state: True Bus-off state: False
2024-12-20 12:01:47,553 ECU's name: Victim's TEC value: 155 Passive error state: True Bus-off state: False
2024-12-20 12:01:47,554 ECU's name: Victim's TEC value: 163 Passive error state: True Bus-off state: False
2024-12-20 12:01:47,554 ECU's name: Attacker's TEC value: 118 Passive error state: False Bus-off state: False
2024-12-20 12:01:47,554 ECU's name: Victim's TEC value: 162 Passive error state: True Bus-off state: False
2024-12-20 12:01:47,554 ECU's name: Victim's TEC value: 161 Passive error state: True Bus-off state: False
2024-12-20 12:01:47,555 ECU's name: Victim's TEC value: 160 Passive error state: True Bus-off state: False
2024-12-20 12:01:47,555 ECU's name: Victim's TEC value: 159 Passive error state: True Bus-off state: False
2024-12-20 12:01:47,555 ECU's name: Victim's TEC value: 158 Passive error state: True Bus-off state: False
2024-12-20 12:01:47,556 ECU's name: Victim's TEC value: 166 Passive error state: True Bus-off state: False
2024-12-20 12:01:47,556 ECU's name: Attacker's TEC value: 117 Passive error state: False Bus-off state: False
2024-12-20 12:01:47,556 ECU's name: Victim's TEC value: 165 Passive error state: True Bus-off state: False
2024-12-20 12:01:47,556 ECU's name: Victim's TEC value: 164 Passive error state: True Bus-off state: False
2024-12-20 12:01:47,556 ECU's name: Victim's TEC value: 163 Passive error state: True Bus-off state: False
2024-12-20 12:01:47,557 ECU's name: Victim's TEC value: 162 Passive error state: True Bus-off state: False
2024-12-20 12:01:47,557 ECU's name: Victim's TEC value: 161 Passive error state: True Bus-off state: False
2024-12-20 12:01:47,557 ECU's name: Victim's TEC value: 169 Passive error state: True Bus-off state: False
2024-12-20 12:01:47,558 ECU's name: Attacker's TEC value: 116 Passive error state: False Bus-off state: False
2024-12-20 12:01:47,558 ECU's name: Victim's TEC value: 168 Passive error state: True Bus-off state: False
2024-12-20 12:01:47,559 ECU's name: Victim's TEC value: 167 Passive error state: True Bus-off state: False
2024-12-20 12:01:47,559 ECU's name: Victim's TEC value: 166 Passive error state: True Bus-off state: False
2024-12-20 12:01:47,560 ECU's name: Victim's TEC value: 165 Passive error state: True Bus-off state: False
2024-12-20 12:01:47,560 ECU's name: Victim's TEC value: 164 Passive error state: True Bus-off state: False
2024-12-20 12:01:47,561 ECU's name: Victim's TEC value: 172 Passive error state: True Bus-off state: False
2024-12-20 12:01:47,562 ECU's name: Attacker's TEC value: 115 Passive error state: False Bus-off state: False
2024-12-20 12:01:47,562 ECU's name: Victim's TEC value: 171 Passive error state: True Bus-off state: False
2024-12-20 12:01:47,562 ECU's name: Victim's TEC value: 170 Passive error state: True Bus-off state: False
2024-12-20 12:01:47,563 ECU's name: Victim's TEC value: 169 Passive error state: True Bus-off state: False
2024-12-20 12:01:47,563 ECU's name: Victim's TEC value: 168 Passive error state: True Bus-off state: False
2024-12-20 12:01:47,563 ECU's name: Victim's TEC value: 167 Passive error state: True Bus-off state: False
2024-12-20 12:01:47,564 ECU's name: Victim's TEC value: 175 Passive error state: True Bus-off state: False
2024-12-20 12:01:47,564 ECU's name: Attacker's TEC value: 114 Passive error state: False Bus-off state: False
2024-12-20 12:01:47,564 ECU's name: Victim's TEC value: 174 Passive error state: True Bus-off state: False
2024-12-20 12:01:47,564 ECU's name: Victim's TEC value: 173 Passive error state: True Bus-off state: False
2024-12-20 12:01:47,565 ECU's name: Victim's TEC value: 172 Passive error state: True Bus-off state: False
2024-12-20 12:01:47,565 ECU's name: Victim's TEC value: 171 Passive error state: True Bus-off state: False
2024-12-20 12:01:47,565 ECU's name: Victim's TEC value: 170 Passive error state: True Bus-off state: False
2024-12-20 12:01:47,565 ECU's name: Victim's TEC value: 178 Passive error state: True Bus-off state: False
2024-12-20 12:01:47,566 ECU's name: Attacker's TEC value: 113 Passive error state: False Bus-off state: False
2024-12-20 12:01:47,566 ECU's name: Victim's TEC value: 177 Passive error state: True Bus-off state: False
2024-12-20 12:01:47,566 ECU's name: Victim's TEC value: 176 Passive error state: True Bus-off state: False
2024-12-20 12:01:47,566 ECU's name: Victim's TEC value: 175 Passive error state: True Bus-off state: False
2024-12-20 12:01:47,567 ECU's name: Victim's TEC value: 174 Passive error state: True Bus-off state: False
2024-12-20 12:01:47,567 ECU's name: Victim's TEC value: 173 Passive error state: True Bus-off state: False
2024-12-20 12:01:47,567 ECU's name: Victim's TEC value: 181 Passive error state: True Bus-off state: False
2024-12-20 12:01:47,567 ECU's name: Attacker's TEC value: 112 Passive error state: False Bus-off state: False
2024-12-20 12:01:47,567 ECU's name: Victim's TEC value: 180 Passive error state: True Bus-off state: False
2024-12-20 12:01:47,568 ECU's name: Victim's TEC value: 179 Passive error state: True Bus-off state: False
2024-12-20 12:01:47,568 ECU's name: Victim's TEC value: 178 Passive error state: True Bus-off state: False
2024-12-20 12:01:47,568 ECU's name: Victim's TEC value: 177 Passive error state: True Bus-off state: False
2024-12-20 12:01:47,569 ECU's name: Victim's TEC value: 176 Passive error state: True Bus-off state: False
2024-12-20 12:01:47,569 ECU's name: Victim's TEC value: 184 Passive error state: True Bus-off state: False
2024-12-20 12:01:47,569 ECU's name: Attacker's TEC value: 111 Passive error state: False Bus-off state: False
2024-12-20 12:01:47,570 ECU's name: Victim's TEC value: 183 Passive error state: True Bus-off state: False
2024-12-20 12:01:47,570 ECU's name: Victim's TEC value: 182 Passive error state: True Bus-off state: False
2024-12-20 12:01:47,570 ECU's name: Victim's TEC value: 181 Passive error state: True Bus-off state: False
2024-12-20 12:01:47,570 ECU's name: Victim's TEC value: 180 Passive error state: True Bus-off state: False
2024-12-20 12:01:47,571 ECU's name: Victim's TEC value: 179 Passive error state: True Bus-off state: False
2024-12-20 12:01:47,571 ECU's name: Victim's TEC value: 187 Passive error state: True Bus-off state: False
2024-12-20 12:01:47,571 ECU's name: Attacker's TEC value: 110 Passive error state: False Bus-off state: False
2024-12-20 12:01:47,571 ECU's name: Victim's TEC value: 186 Passive error state: True Bus-off state: False
2024-12-20 12:01:47,572 ECU's name: Victim's TEC value: 185 Passive error state: True Bus-off state: False
2024-12-20 12:01:47,572 ECU's name: Victim's TEC value: 184 Passive error state: True Bus-off state: False
2024-12-20 12:01:47,572 ECU's name: Victim's TEC value: 183 Passive error state: True Bus-off state: False
2024-12-20 12:01:47,572 ECU's name: Victim's TEC value: 182 Passive error state: True Bus-off state: False
2024-12-20 12:01:47,573 ECU's name: Victim's TEC value: 190 Passive error state: True Bus-off state: False
2024-12-20 12:01:47,573 ECU's name: Attacker's TEC value: 109 Passive error state: False Bus-off state: False
2024-12-20 12:01:47,574 ECU's name: Victim's TEC value: 189 Passive error state: True Bus-off state: False
2024-12-20 12:01:47,574 ECU's name: Victim's TEC value: 188 Passive error state: True Bus-off state: False
2024-12-20 12:01:47,574 ECU's name: Victim's TEC value: 187 Passive error state: True Bus-off state: False
2024-12-20 12:01:47,575 ECU's name: Victim's TEC value: 186 Passive error state: True Bus-off state: False
2024-12-20 12:01:47,575 ECU's name: Victim's TEC value: 185 Passive error state: True Bus-off state: False
2024-12-20 12:01:47,575 ECU's name: Victim's TEC value: 193 Passive error state: True Bus-off state: False
2024-12-20 12:01:47,576 ECU's name: Attacker's TEC value: 108 Passive error state: False Bus-off state: False
2024-12-20 12:01:47,576 ECU's name: Victim's TEC value: 192 Passive error state: True Bus-off state: False
2024-12-20 12:01:47,576 ECU's name: Victim's TEC value: 191 Passive error state: True Bus-off state: False
2024-12-20 12:01:47,576 ECU's name: Victim's TEC value: 190 Passive error state: True Bus-off state: False
2024-12-20 12:01:47,576 ECU's name: Victim's TEC value: 189 Passive error state: True Bus-off state: False
2024-12-20 12:01:47,577 ECU's name: Victim's TEC value: 188 Passive error state: True Bus-off state: False
2024-12-20 12:01:47,578 ECU's name: Victim's TEC value: 196 Passive error state: True Bus-off state: False
2024-12-20 12:01:47,578 ECU's name: Attacker's TEC value: 107 Passive error state: False Bus-off state: False
2024-12-20 12:01:47,578 ECU's name: Victim's TEC value: 195 Passive error state: True Bus-off state: False
2024-12-20 12:01:47,578 ECU's name: Victim's TEC value: 194 Passive error state: True Bus-off state: False
2024-12-20 12:01:47,579 ECU's name: Victim's TEC value: 193 Passive error state: True Bus-off state: False
2024-12-20 12:01:47,579 ECU's name: Victim's TEC value: 192 Passive error state: True Bus-off state: False
2024-12-20 12:01:47,580 ECU's name: Victim's TEC value: 191 Passive error state: True Bus-off state: False
2024-12-20 12:01:47,580 ECU's name: Victim's TEC value: 199 Passive error state: True Bus-off state: False
2024-12-20 12:01:47,581 ECU's name: Attacker's TEC value: 106 Passive error state: False Bus-off state: False
2024-12-20 12:01:47,581 ECU's name: Victim's TEC value: 198 Passive error state: True Bus-off state: False
2024-12-20 12:01:47,581 ECU's name: Victim's TEC value: 197 Passive error state: True Bus-off state: False
2024-12-20 12:01:47,581 ECU's name: Victim's TEC value: 196 Passive error state: True Bus-off state: False
2024-12-20 12:01:47,582 ECU's name: Victim's TEC value: 195 Passive error state: True Bus-off state: False
2024-12-20 12:01:47,582 ECU's name: Victim's TEC value: 194 Passive error state: True Bus-off state: False
2024-12-20 12:01:47,582 ECU's name: Victim's TEC value: 202 Passive error state: True Bus-off state: False
2024-12-20 12:01:47,583 ECU's name: Attacker's TEC value: 105 Passive error state: False Bus-off state: False
2024-12-20 12:01:47,583 ECU's name: Victim's TEC value: 201 Passive error state: True Bus-off state: False
2024-12-20 12:01:47,583 ECU's name: Victim's TEC value: 200 Passive error state: True Bus-off state: False
2024-12-20 12:01:47,584 ECU's name: Victim's TEC value: 199 Passive error state: True Bus-off state: False
2024-12-20 12:01:47,584 ECU's name: Victim's TEC value: 198 Passive error state: True Bus-off state: False
2024-12-20 12:01:47,585 ECU's name: Victim's TEC value: 197 Passive error state: True Bus-off state: False
2024-12-20 12:01:47,585 ECU's name: Victim's TEC value: 205 Passive error state: True Bus-off state: False
2024-12-20 12:01:47,586 ECU's name: Attacker's TEC value: 104 Passive error state: False Bus-off state: False
2024-12-20 12:01:47,586 ECU's name: Victim's TEC value: 204 Passive error state: True Bus-off state: False
2024-12-20 12:01:47,586 ECU's name: Victim's TEC value: 203 Passive error state: True Bus-off state: False
2024-12-20 12:01:47,587 ECU's name: Victim's TEC value: 202 Passive error state: True Bus-off state: False
2024-12-20 12:01:47,587 ECU's name: Victim's TEC value: 201 Passive error state: True Bus-off state: False
2024-12-20 12:01:47,587 ECU's name: Victim's TEC value: 200 Passive error state: True Bus-off state: False
2024-12-20 12:01:47,588 ECU's name: Victim's TEC value: 208 Passive error state: True Bus-off state: False
2024-12-20 12:01:47,588 ECU's name: Attacker's TEC value: 103 Passive error state: False Bus-off state: False
2024-12-20 12:01:47,588 ECU's name: Victim's TEC value: 207 Passive error state: True Bus-off state: False
2024-12-20 12:01:47,588 ECU's name: Victim's TEC value: 206 Passive error state: True Bus-off state: False
2024-12-20 12:01:47,589 ECU's name: Victim's TEC value: 205 Passive error state: True Bus-off state: False
2024-12-20 12:01:47,589 ECU's name: Victim's TEC value: 204 Passive error state: True Bus-off state: False
2024-12-20 12:01:47,589 ECU's name: Victim's TEC value: 203 Passive error state: True Bus-off state: False
2024-12-20 12:01:47,590 ECU's name: Victim's TEC value: 211 Passive error state: True Bus-off state: False
2024-12-20 12:01:47,590 ECU's name: Attacker's TEC value: 102 Passive error state: False Bus-off state: False
2024-12-20 12:01:47,590 ECU's name: Victim's TEC value: 210 Passive error state: True Bus-off state: False
2024-12-20 12:01:47,590 ECU's name: Victim's TEC value: 209 Passive error state: True Bus-off state: False
2024-12-20 12:01:47,591 ECU's name: Victim's TEC value: 208 Passive error state: True Bus-off state: False
2024-12-20 12:01:47,591 ECU's name: Victim's TEC value: 207 Passive error state: True Bus-off state: False
2024-12-20 12:01:47,591 ECU's name: Victim's TEC value: 206 Passive error state: True Bus-off state: False
2024-12-20 12:01:47,591 ECU's name: Victim's TEC value: 214 Passive error state: True Bus-off state: False
2024-12-20 12:01:47,592 ECU's name: Attacker's TEC value: 101 Passive error state: False Bus-off state: False
2024-12-20 12:01:47,592 ECU's name: Victim's TEC value: 213 Passive error state: True Bus-off state: False
2024-12-20 12:01:47,592 ECU's name: Victim's TEC value: 212 Passive error state: True Bus-off state: False
2024-12-20 12:01:47,592 ECU's name: Victim's TEC value: 211 Passive error state: True Bus-off state: False
2024-12-20 12:01:47,592 ECU's name: Victim's TEC value: 210 Passive error state: True Bus-off state: False
2024-12-20 12:01:47,593 ECU's name: Victim's TEC value: 209 Passive error state: True Bus-off state: False
2024-12-20 12:01:47,593 ECU's name: Victim's TEC value: 217 Passive error state: True Bus-off state: False
2024-12-20 12:01:47,593 ECU's name: Attacker's TEC value: 100 Passive error state: False Bus-off state: False
2024-12-20 12:01:47,593 ECU's name: Victim's TEC value: 216 Passive error state: True Bus-off state: False
2024-12-20 12:01:47,594 ECU's name: Victim's TEC value: 215 Passive error state: True Bus-off state: False
2024-12-20 12:01:47,594 ECU's name: Victim's TEC value: 214 Passive error state: True Bus-off state: False
2024-12-20 12:01:47,594 ECU's name: Victim's TEC value: 213 Passive error state: True Bus-off state: False
2024-12-20 12:01:47,594 ECU's name: Victim's TEC value: 212 Passive error state: True Bus-off state: False
2024-12-20 12:01:47,595 ECU's name: Victim's TEC value: 220 Passive error state: True Bus-off state: False
2024-12-20 12:01:47,595 ECU's name: Attacker's TEC value: 99 Passive error state: False Bus-off state: False
2024-12-20 12:01:47,595 ECU's name: Victim's TEC value: 219 Passive error state: True Bus-off state: False
2024-12-20 12:01:47,595 ECU's name: Victim's TEC value: 218 Passive error state: True Bus-off state: False
2024-12-20 12:01:47,596 ECU's name: Victim's TEC value: 217 Passive error state: True Bus-off state: False
2024-12-20 12:01:47,596 ECU's name: Victim's TEC value: 216 Passive error state: True Bus-off state: False
2024-12-20 12:01:47,596 ECU's name: Victim's TEC value: 215 Passive error state: True Bus-off state: False
2024-12-20 12:01:47,596 ECU's name: Victim's TEC value: 223 Passive error state: True Bus-off state: False
2024-12-20 12:01:47,597 ECU's name: Attacker's TEC value: 98 Passive error state: False Bus-off state: False
2024-12-20 12:01:47,597 ECU's name: Victim's TEC value: 222 Passive error state: True Bus-off state: False
2024-12-20 12:01:47,597 ECU's name: Victim's TEC value: 221 Passive error state: True Bus-off state: False
2024-12-20 12:01:47,597 ECU's name: Victim's TEC value: 220 Passive error state: True Bus-off state: False
2024-12-20 12:01:47,597 ECU's name: Victim's TEC value: 219 Passive error state: True Bus-off state: False
2024-12-20 12:01:47,599 ECU's name: Victim's TEC value: 218 Passive error state: True Bus-off state: False
2024-12-20 12:01:47,599 ECU's name: Victim's TEC value: 226 Passive error state: True Bus-off state: False
2024-12-20 12:01:47,599 ECU's name: Attacker's TEC value: 97 Passive error state: False Bus-off state: False
2024-12-20 12:01:47,599 ECU's name: Victim's TEC value: 225 Passive error state: True Bus-off state: False
2024-12-20 12:01:47,599 ECU's name: Victim's TEC value: 224 Passive error state: True Bus-off state: False
2024-12-20 12:01:47,599 ECU's name: Victim's TEC value: 223 Passive error state: True Bus-off state: False
2024-12-20 12:01:47,599 ECU's name: Victim's TEC value: 222 Passive error state: True Bus-off state: False
2024-12-20 12:01:47,600 ECU's name: Victim's TEC value: 221 Passive error state: True Bus-off state: False
2024-12-20 12:01:47,600 ECU's name: Victim's TEC value: 229 Passive error state: True Bus-off state: False
2024-12-20 12:01:47,601 ECU's name: Attacker's TEC value: 96 Passive error state: False Bus-off state: False
2024-12-20 12:01:47,601 ECU's name: Victim's TEC value: 228 Passive error state: True Bus-off state: False
2024-12-20 12:01:47,601 ECU's name: Victim's TEC value: 227 Passive error state: True Bus-off state: False
2024-12-20 12:01:47,601 ECU's name: Victim's TEC value: 226 Passive error state: True Bus-off state: False
2024-12-20 12:01:47,601 ECU's name: Victim's TEC value: 225 Passive error state: True Bus-off state: False
2024-12-20 12:01:47,602 ECU's name: Victim's TEC value: 224 Passive error state: True Bus-off state: False
2024-12-20 12:01:47,602 ECU's name: Victim's TEC value: 232 Passive error state: True Bus-off state: False
2024-12-20 12:01:47,602 ECU's name: Attacker's TEC value: 95 Passive error state: False Bus-off state: False
2024-12-20 12:01:47,603 ECU's name: Victim's TEC value: 231 Passive error state: True Bus-off state: False
2024-12-20 12:01:47,603 ECU's name: Victim's TEC value: 230 Passive error state: True Bus-off state: False
2024-12-20 12:01:47,603 ECU's name: Victim's TEC value: 229 Passive error state: True Bus-off state: False
2024-12-20 12:01:47,603 ECU's name: Victim's TEC value: 228 Passive error state: True Bus-off state: False
2024-12-20 12:01:47,603 ECU's name: Victim's TEC value: 227 Passive error state: True Bus-off state: False
2024-12-20 12:01:47,604 ECU's name: Victim's TEC value: 235 Passive error state: True Bus-off state: False
2024-12-20 12:01:47,604 ECU's name: Attacker's TEC value: 94 Passive error state: False Bus-off state: False
2024-12-20 12:01:47,604 ECU's name: Victim's TEC value: 234 Passive error state: True Bus-off state: False
2024-12-20 12:01:47,604 ECU's name: Victim's TEC value: 233 Passive error state: True Bus-off state: False
2024-12-20 12:01:47,605 ECU's name: Victim's TEC value: 232 Passive error state: True Bus-off state: False
2024-12-20 12:01:47,605 ECU's name: Victim's TEC value: 231 Passive error state: True Bus-off state: False
2024-12-20 12:01:47,605 ECU's name: Victim's TEC value: 230 Passive error state: True Bus-off state: False
2024-12-20 12:01:47,606 ECU's name: Victim's TEC value: 238 Passive error state: True Bus-off state: False
2024-12-20 12:01:47,606 ECU's name: Attacker's TEC value: 93 Passive error state: False Bus-off state: False
2024-12-20 12:01:47,606 ECU's name: Victim's TEC value: 237 Passive error state: True Bus-off state: False
2024-12-20 12:01:47,606 ECU's name: Victim's TEC value: 236 Passive error state: True Bus-off state: False
2024-12-20 12:01:47,606 ECU's name: Victim's TEC value: 235 Passive error state: True Bus-off state: False
2024-12-20 12:01:47,607 ECU's name: Victim's TEC value: 234 Passive error state: True Bus-off state: False
2024-12-20 12:01:47,607 ECU's name: Victim's TEC value: 233 Passive error state: True Bus-off state: False
2024-12-20 12:01:47,609 ECU's name: Victim's TEC value: 241 Passive error state: True Bus-off state: False
2024-12-20 12:01:47,609 ECU's name: Attacker's TEC value: 92 Passive error state: False Bus-off state: False
2024-12-20 12:01:47,609 ECU's name: Victim's TEC value: 240 Passive error state: True Bus-off state: False
2024-12-20 12:01:47,609 ECU's name: Victim's TEC value: 239 Passive error state: True Bus-off state: False
2024-12-20 12:01:47,609 ECU's name: Victim's TEC value: 238 Passive error state: True Bus-off state: False
2024-12-20 12:01:47,610 ECU's name: Victim's TEC value: 237 Passive error state: True Bus-off state: False
2024-12-20 12:01:47,610 ECU's name: Victim's TEC value: 236 Passive error state: True Bus-off state: False
2024-12-20 12:01:47,611 ECU's name: Victim's TEC value: 244 Passive error state: True Bus-off state: False
2024-12-20 12:01:47,611 ECU's name: Attacker's TEC value: 91 Passive error state: False Bus-off state: False
2024-12-20 12:01:47,611 ECU's name: Victim's TEC value: 243 Passive error state: True Bus-off state: False
2024-12-20 12:01:47,611 ECU's name: Victim's TEC value: 242 Passive error state: True Bus-off state: False
2024-12-20 12:01:47,612 ECU's name: Victim's TEC value: 241 Passive error state: True Bus-off state: False
2024-12-20 12:01:47,612 ECU's name: Victim's TEC value: 240 Passive error state: True Bus-off state: False
2024-12-20 12:01:47,612 ECU's name: Victim's TEC value: 239 Passive error state: True Bus-off state: False
2024-12-20 12:01:47,613 ECU's name: Victim's TEC value: 247 Passive error state: True Bus-off state: False
2024-12-20 12:01:47,613 ECU's name: Attacker's TEC value: 90 Passive error state: False Bus-off state: False
2024-12-20 12:01:47,613 ECU's name: Victim's TEC value: 246 Passive error state: True Bus-off state: False
2024-12-20 12:01:47,613 ECU's name: Victim's TEC value: 245 Passive error state: True Bus-off state: False
2024-12-20 12:01:47,614 ECU's name: Victim's TEC value: 244 Passive error state: True Bus-off state: False
2024-12-20 12:01:47,614 ECU's name: Victim's TEC value: 243 Passive error state: True Bus-off state: False
2024-12-20 12:01:47,614 ECU's name: Victim's TEC value: 242 Passive error state: True Bus-off state: False
2024-12-20 12:01:47,614 ECU's name: Victim's TEC value: 250 Passive error state: True Bus-off state: False
2024-12-20 12:01:47,615 ECU's name: Attacker's TEC value: 89 Passive error state: False Bus-off state: False
2024-12-20 12:01:47,615 ECU's name: Victim's TEC value: 249 Passive error state: True Bus-off state: False
2024-12-20 12:01:47,615 ECU's name: Victim's TEC value: 248 Passive error state: True Bus-off state: False
2024-12-20 12:01:47,615 ECU's name: Victim's TEC value: 247 Passive error state: True Bus-off state: False
2024-12-20 12:01:47,615 ECU's name: Victim's TEC value: 246 Passive error state: True Bus-off state: False
2024-12-20 12:01:47,616 ECU's name: Victim's TEC value: 245 Passive error state: True Bus-off state: False
2024-12-20 12:01:47,616 ECU's name: Victim's TEC value: 253 Passive error state: True Bus-off state: False
2024-12-20 12:01:47,616 ECU's name: Attacker's TEC value: 88 Passive error state: False Bus-off state: False
2024-12-20 12:01:47,616 ECU's name: Victim's TEC value: 252 Passive error state: True Bus-off state: False
2024-12-20 12:01:47,617 ECU's name: Victim's TEC value: 251 Passive error state: True Bus-off state: False
2024-12-20 12:01:47,617 ECU's name: Victim's TEC value: 250 Passive error state: True Bus-off state: False
2024-12-20 12:01:47,617 ECU's name: Victim's TEC value: 249 Passive error state: True Bus-off state: False
2024-12-20 12:01:47,617 ECU's name: Victim's TEC value: 248 Passive error state: True Bus-off state: False
2024-12-20 12:01:47,618 ECU's name: Victim's TEC value: 256 Passive error state: True Bus-off state: False
2024-12-20 12:01:47,618 ECU's name: Attacker's TEC value: 87 Passive error state: False Bus-off state: False
2024-12-20 12:01:47,618 ECU's name: Victim's TEC value: 255 Passive error state: True Bus-off state: True
2024-12-20 12:01:47,619 End of the 1-th attack
